Traceback (most recent call last):
  File "/home/coder/mk3-software/mk3/./make-mp3.py", line 21, in <module>
    myresult=myworkerqueue.get_next()
             ^^^^^^^^^^^^^^^^^^^^^^^^
  File "/home/coder/mk3-software/mk3/mk3lib.py", line 30, in get_next
    self.path = json.loads(from_redis)[0]
                ^^^^^^^^^^^^^^^^^^^^^^
  File "/usr/lib/python3.11/json/__init__.py", line 339, in loads
    raise TypeError(f'the JSON object must be str, bytes or bytearray, '
TypeError: the JSON object must be str, bytes or bytearray, not NoneType
Traceback (most recent call last):
  File "/home/coder/mk3-software/mk3/./make-mp3.py", line 21, in <module>
    myresult=myworkerqueue.get_next()
             ^^^^^^^^^^^^^^^^^^^^^^^^
  File "/home/coder/mk3-software/mk3/mk3lib.py", line 30, in get_next
    self.path = json.loads(from_redis)[0]
                ^^^^^^^^^^^^^^^^^^^^^^
  File "/usr/lib/python3.11/json/__init__.py", line 339, in loads
    raise TypeError(f'the JSON object must be str, bytes or bytearray, '
TypeError: the JSON object must be str, bytes or bytearray, not NoneType
Traceback (most recent call last):
  File "/home/coder/mk3-software/mk3/./make-mp3.py", line 21, in <module>
    myresult=myworkerqueue.get_next()
             ^^^^^^^^^^^^^^^^^^^^^^^^
  File "/home/coder/mk3-software/mk3/mk3lib.py", line 30, in get_next
    self.path = json.loads(from_redis)[0]
                ^^^^^^^^^^^^^^^^^^^^^^
  File "/usr/lib/python3.11/json/__init__.py", line 339, in loads
    raise TypeError(f'the JSON object must be str, bytes or bytearray, '
TypeError: the JSON object must be str, bytes or bytearray, not NoneType
Traceback (most recent call last):
  File "/home/coder/mk3-software/mk3/./make-mp3.py", line 21, in <module>
    myresult=myworkerqueue.get_next()
             ^^^^^^^^^^^^^^^^^^^^^^^^
  File "/home/coder/mk3-software/mk3/mk3lib.py", line 30, in get_next
    self.path = json.loads(from_redis)[0]
                ^^^^^^^^^^^^^^^^^^^^^^
  File "/usr/lib/python3.11/json/__init__.py", line 339, in loads
    raise TypeError(f'the JSON object must be str, bytes or bytearray, '
TypeError: the JSON object must be str, bytes or bytearray, not NoneType
Traceback (most recent call last):
  File "/home/coder/mk3-software/mk3/./make-mp3.py", line 21, in <module>
    myresult=myworkerqueue.get_next()
             ^^^^^^^^^^^^^^^^^^^^^^^^
  File "/home/coder/mk3-software/mk3/mk3lib.py", line 30, in get_next
    self.path = json.loads(from_redis)[0]
                ^^^^^^^^^^^^^^^^^^^^^^
  File "/usr/lib/python3.11/json/__init__.py", line 339, in loads
    raise TypeError(f'the JSON object must be str, bytes or bytearray, '
TypeError: the JSON object must be str, bytes or bytearray, not NoneType
